<?xml version="1.0" encoding="UTF-8"?>
<!-- Generated by org.testng.reporters.JUnitXMLReporter -->
<testsuite ignored="0" hostname="DESKTOP-DLIOL9L" failures="0" tests="3" name="Default test" time="12.595" errors="0" timestamp="2025-09-26T16:10:53 IST">
  <testcase classname="tests.LoginTest" name="testValidLogin" time="0.215"/>
  <testcase classname="tests.LoginTest" name="testValidLogin" time="2.805"/>
  <testcase classname="tests.LoginTest" name="testValidLogin" time="3.003"/>
</testsuite> <!-- Default test -->
