<?xml version="1.0" encoding="UTF-8"?>
<!-- Generated by org.testng.reporters.JUnitXMLReporter -->
<testsuite ignored="0" hostname="DESKTOP-DLIOL9L" failures="2" tests="2" name="LoginTests" time="9.496" errors="0" timestamp="2025-09-25T08:28:31 IST">
  <testcase classname="tests.LoginTest" name="testLoginWithInvalidCredentials" time="0.91">
    <failure type="java.lang.AssertionError" message="expected [Dashboard / nopCommerce administration] but found [nopCommerce demo store. Login]">
      <![CDATA[java.lang.AssertionError: expected [Dashboard / nopCommerce administration] but found [nopCommerce demo store. Login]
at tests.LoginTest.testLoginWithInvalidCredentials(LoginTest.java:57)
at java.base/java.util.ArrayList.forEach(ArrayList.java:1597)
... Removed 31 stack frames]]>
    </failure>
  </testcase> <!-- testLoginWithInvalidCredentials -->
  <testcase classname="tests.LoginTest" name="testValidLogin" time="0.193">
    <failure type="java.lang.AssertionError" message="expected [Dashboard / nopCommerce administration] but found [nopCommerce demo store. Login]">
      <![CDATA[java.lang.AssertionError: expected [Dashboard / nopCommerce administration] but found [nopCommerce demo store. Login]
at tests.LoginTest.testValidLogin(LoginTest.java:32)
at java.base/java.util.ArrayList.forEach(ArrayList.java:1597)
... Removed 31 stack frames]]>
    </failure>
  </testcase> <!-- testValidLogin -->
</testsuite> <!-- LoginTests -->
